{
  "RSpec": {
    "coverage": {
      "/Users/cylon/source/super_awesome_hacker_links/app/models/user.rb": [
        1,
        null,
        null,
        1,
        null,
        null,
        1,
        null,
        1,
        1,
        1,
        null,
        1,
        null
      ],
      "/Users/cylon/source/super_awesome_hacker_links/app/controllers/application_controller.rb": [
        1,
        1,
        null
      ],
      "/Users/cylon/source/super_awesome_hacker_links/app/helpers/application_helper.rb": [
        1,
        null
      ],
      "/Users/cylon/source/super_awesome_hacker_links/app/helpers/comments_helper.rb": [
        1,
        null
      ],
      "/Users/cylon/source/super_awesome_hacker_links/app/helpers/links_helper.rb": [
        1,
        1,
        4,
        2,
        null,
        2,
        null,
        null,
        null
      ],
      "/Users/cylon/source/super_awesome_hacker_links/app/helpers/users_helper.rb": [
        1,
        null
      ],
      "/Users/cylon/source/super_awesome_hacker_links/app/helpers/votes_helper.rb": [
        1,
        null
      ],
      "/Users/cylon/source/super_awesome_hacker_links/app/controllers/comments_controller.rb": [
        1,
        null,
        null,
        1,
        null,
        1,
        1,
        1,
        null,
        1,
        1,
        1,
        null,
        null,
        null,
        null,
        null,
        1,
        1,
        null,
        1,
        1,
        1,
        null,
        null,
        null,
        null,
        null,
        1,
        5,
        null,
        5,
        5,
        6,
        3,
        null,
        4,
        2,
        null,
        null,
        null,
        null,
        1,
        null,
        1,
        3,
        1,
        null,
        null,
        null
      ],
      "/Users/cylon/source/super_awesome_hacker_links/app/models/comment.rb": [
        1,
        1,
        1,
        1,
        null,
        1,
        null
      ],
      "/Users/cylon/source/super_awesome_hacker_links/app/controllers/links_controller.rb": [
        1,
        1,
        3,
        null,
        null,
        1,
        1,
        null,
        null,
        1,
        5,
        null,
        5,
        3,
        null,
        2,
        null,
        null,
        null
      ],
      "/Users/cylon/source/super_awesome_hacker_links/app/models/link.rb": [
        1,
        1,
        1,
        1,
        null,
        1,
        null,
        1,
        1,
        null,
        1,
        null
      ],
      "/Users/cylon/source/super_awesome_hacker_links/app/controllers/votes_controller.rb": [
        1,
        1,
        null,
        1,
        6,
        5,
        null,
        5,
        4,
        4,
        null,
        1,
        null,
        null,
        5,
        null,
        1,
        null,
        null,
        null
      ],
      "/Users/cylon/source/super_awesome_hacker_links/app/models/vote.rb": [
        1,
        1,
        1,
        null,
        1,
        null,
        1,
        null
      ],
      "/Users/cylon/source/super_awesome_hacker_links/app/decorators/application_decorator.rb": [
        1,
        null,
        null,
        null,
        null,
        null,
        null,
        null,
        null,
        null,
        null,
        null,
        null,
        null,
        null,
        null,
        null,
        null,
        null,
        null,
        null,
        null,
        null,
        null,
        null,
        null,
        null,
        null
      ],
      "/Users/cylon/source/super_awesome_hacker_links/app/decorators/link_decorator.rb": [
        1,
        1,
        null,
        1,
        3,
        2,
        1,
        null,
        1,
        null,
        2,
        null,
        null
      ]
    },
    "timestamp": 1334467588
  }
}
